This is pdfTeX, Version 3.141592653-2.6-1.40.22 (TeX Live 2021) (preloaded format=pdflatex 2021.6.6)  21 JUN 2021 18:52
entering extended mode
 restricted \write18 enabled.
 %&-line parsing enabled.
**adm1f.tex
(./adm1f.tex
LaTeX2e <2020-10-01> patch level 4
L3 programming layer <2021-02-18> (./sphinxmanual.cls
Document Class: sphinxmanual 2019/12/01 v2.3.0 Document class (Sphinx manual)
(/usr/local/texlive/2021/texmf-dist/tex/latex/base/report.cls
Document Class: report 2020/04/10 v1.4m Standard LaTeX document class
(/usr/local/texlive/2021/texmf-dist/tex/latex/base/size10.clo
File: size10.clo 2020/04/10 v1.4m Standard LaTeX file (size option)
)
\c@part=\count179
\c@chapter=\count180
\c@section=\count181
\c@subsection=\count182
\c@subsubsection=\count183
\c@paragraph=\count184
\c@subparagraph=\count185
\c@figure=\count186
\c@table=\count187
\abovecaptionskip=\skip47
\belowcaptionskip=\skip48
\bibindent=\dimen138
)
LaTeX Info: Redefining \and on input line 35.
)
(/usr/local/texlive/2021/texmf-dist/tex/latex/base/inputenc.sty
Package: inputenc 2020/08/01 v1.3d Input encoding file
\inpenc@prehook=\toks15
\inpenc@posthook=\toks16
)
   defining Unicode char U+00A0 (decimal 160)
   defining Unicode char U+2500 (decimal 9472)
   defining Unicode char U+2502 (decimal 9474)
   defining Unicode char U+2514 (decimal 9492)
   defining Unicode char U+251C (decimal 9500)
   defining Unicode char U+2572 (decimal 9586)

(/usr/local/texlive/2021/texmf-dist/tex/latex/cmap/cmap.sty
Package: cmap 2021/02/06 v1.0j CMap support: searchable PDF
)
(/usr/local/texlive/2021/texmf-dist/tex/latex/base/fontenc.sty
Package: fontenc 2020/08/10 v2.0s Standard LaTeX package
<<t1.cmap>>)
(/usr/local/texlive/2021/texmf-dist/tex/latex/amsmath/amsmath.sty
Package: amsmath 2020/09/23 v2.17i AMS math features
\@mathmargin=\skip49

For additional information on amsmath, use the `?' option.
(/usr/local/texlive/2021/texmf-dist/tex/latex/amsmath/amstext.sty
Package: amstext 2000/06/29 v2.01 AMS text

(/usr/local/texlive/2021/texmf-dist/tex/latex/amsmath/amsgen.sty
File: amsgen.sty 1999/11/30 v2.0 generic functions
\@emptytoks=\toks17
\ex@=\dimen139
))
(/usr/local/texlive/2021/texmf-dist/tex/latex/amsmath/amsbsy.sty
Package: amsbsy 1999/11/29 v1.2d Bold Symbols
\pmbraise@=\dimen140
)
(/usr/local/texlive/2021/texmf-dist/tex/latex/amsmath/amsopn.sty
Package: amsopn 2016/03/08 v2.02 operator names
)
\inf@bad=\count188
LaTeX Info: Redefining \frac on input line 234.
\uproot@=\count189
\leftroot@=\count190
LaTeX Info: Redefining \overline on input line 399.
\classnum@=\count191
\DOTSCASE@=\count192
LaTeX Info: Redefining \ldots on input line 496.
LaTeX Info: Redefining \dots on input line 499.
LaTeX Info: Redefining \cdots on input line 620.
\Mathstrutbox@=\box47
\strutbox@=\box48
\big@size=\dimen141
LaTeX Font Info:    Redeclaring font encoding OML on input line 743.
LaTeX Font Info:    Redeclaring font encoding OMS on input line 744.
\macc@depth=\count193
\c@MaxMatrixCols=\count194
\dotsspace@=\muskip16
\c@parentequation=\count195
\dspbrk@lvl=\count196
\tag@help=\toks18
\row@=\count197
\column@=\count198
\maxfields@=\count199
\andhelp@=\toks19
\eqnshift@=\dimen142
\alignsep@=\dimen143
\tagshift@=\dimen144
\tagwidth@=\dimen145
\totwidth@=\dimen146
\lineht@=\dimen147
\@envbody=\toks20
\multlinegap=\skip50
\multlinetaggap=\skip51
\mathdisplay@stack=\toks21
LaTeX Info: Redefining \[ on input line 2923.
LaTeX Info: Redefining \] on input line 2924.
)
(/usr/local/texlive/2021/texmf-dist/tex/latex/amsfonts/amssymb.sty
Package: amssymb 2013/01/14 v3.01 AMS font symbols

(/usr/local/texlive/2021/texmf-dist/tex/latex/amsfonts/amsfonts.sty
Package: amsfonts 2013/01/14 v3.01 Basic AMSFonts support
\symAMSa=\mathgroup4
\symAMSb=\mathgroup5
LaTeX Font Info:    Redeclaring math symbol \hbar on input line 98.
LaTeX Font Info:    Overwriting math alphabet `\mathfrak' in version `bold'
(Font)                  U/euf/m/n --> U/euf/b/n on input line 106.
))
(/usr/local/texlive/2021/texmf-dist/tex/generic/babel/babel.sty
Package: babel 2021/03/24 3.56 The Babel package

(/usr/local/texlive/2021/texmf-dist/tex/generic/babel/babel.def
File: babel.def 2021/03/24 3.56 Babel common definitions
\babel@savecnt=\count266
\U@D=\dimen148
\l@babelnohyphens=\language87

(/usr/local/texlive/2021/texmf-dist/tex/generic/babel/txtbabel.def)
\bbl@readstream=\read2
)
\bbl@dirlevel=\count267

(/usr/local/texlive/2021/texmf-dist/tex/generic/babel-english/english.ldf
Language: english 2017/06/06 v3.3r English support from the babel system
Package babel Info: \l@canadian = using hyphenrules for english
(babel)             (\language0) on input line 102.
Package babel Info: \l@australian = using hyphenrules for ukenglish
(babel)             (\language21) on input line 105.
Package babel Info: \l@newzealand = using hyphenrules for ukenglish
(babel)             (\language21) on input line 108.
))
(/usr/local/texlive/2021/texmf-dist/tex/latex/amscls/amsthm.sty
Package: amsthm 2020/05/29 v2.20.6
\thm@style=\toks22
\thm@bodyfont=\toks23
\thm@headfont=\toks24
\thm@notefont=\toks25
\thm@headpunct=\toks26
\thm@preskip=\skip52
\thm@postskip=\skip53
\thm@headsep=\skip54
\dth@everypar=\toks27
)
(/usr/local/texlive/2021/texmf-dist/tex/latex/fncychap/fncychap.sty
Package: fncychap 2007/07/30 v1.34 LaTeX package (Revised chapters)
\RW=\skip55
\mylen=\skip56
\myhi=\skip57
\px=\skip58
\py=\skip59
\pyy=\skip60
\pxx=\skip61
)
(./sphinx.sty
Package: sphinx 2021/01/23 v3.5.0 LaTeX package (Sphinx markup)

(/usr/local/texlive/2021/texmf-dist/tex/generic/ltxcmds/ltxcmds.sty
Package: ltxcmds 2020-05-10 v1.25 LaTeX kernel commands for general use (HO)
)
(/usr/local/texlive/2021/texmf-dist/tex/latex/graphics/graphicx.sty
Package: graphicx 2020/09/09 v1.2b Enhanced LaTeX Graphics (DPC,SPQR)

(/usr/local/texlive/2021/texmf-dist/tex/latex/graphics/keyval.sty
Package: keyval 2014/10/28 v1.15 key=value parser (DPC)
\KV@toks@=\toks28
)
(/usr/local/texlive/2021/texmf-dist/tex/latex/graphics/graphics.sty
Package: graphics 2020/08/30 v1.4c Standard LaTeX Graphics (DPC,SPQR)

(/usr/local/texlive/2021/texmf-dist/tex/latex/graphics/trig.sty
Package: trig 2016/01/03 v1.10 sin cos tan (DPC)
)
(/usr/local/texlive/2021/texmf-dist/tex/latex/graphics-cfg/graphics.cfg
File: graphics.cfg 2016/06/04 v1.11 sample graphics configuration
)
Package graphics Info: Driver file: pdftex.def on input line 105.

(/usr/local/texlive/2021/texmf-dist/tex/latex/graphics-def/pdftex.def
File: pdftex.def 2020/10/05 v1.2a Graphics/color driver for pdftex
))
\Gin@req@height=\dimen149
\Gin@req@width=\dimen150
)
(/usr/local/texlive/2021/texmf-dist/tex/latex/fancyhdr/fancyhdr.sty
Package: fancyhdr 2021/01/28 v4.0.1 Extensive control of page headers and foote
rs
\f@nch@headwidth=\skip62
\f@nch@O@elh=\skip63
\f@nch@O@erh=\skip64
\f@nch@O@olh=\skip65
\f@nch@O@orh=\skip66
\f@nch@O@elf=\skip67
\f@nch@O@erf=\skip68
\f@nch@O@olf=\skip69
\f@nch@O@orf=\skip70
)
(/usr/local/texlive/2021/texmf-dist/tex/latex/base/textcomp.sty
Package: textcomp 2020/02/02 v2.0n Standard LaTeX package
)
(/usr/local/texlive/2021/texmf-dist/tex/latex/titlesec/titlesec.sty
Package: titlesec 2019/10/16 v2.13 Sectioning titles
\ttl@box=\box49
\beforetitleunit=\skip71
\aftertitleunit=\skip72
\ttl@plus=\dimen151
\ttl@minus=\dimen152
\ttl@toksa=\toks29
\titlewidth=\dimen153
\titlewidthlast=\dimen154
\titlewidthfirst=\dimen155
)
(/usr/local/texlive/2021/texmf-dist/tex/latex/tabulary/tabulary.sty
Package: tabulary 2014/06/11 v0.10 tabulary package (DPC)

(/usr/local/texlive/2021/texmf-dist/tex/latex/tools/array.sty
Package: array 2020/10/01 v2.5c Tabular extension package (FMi)
\col@sep=\dimen156
\ar@mcellbox=\box50
\extrarowheight=\dimen157
\NC@list=\toks30
\extratabsurround=\skip73
\backup@length=\skip74
\ar@cellbox=\box51
)
\TY@count=\count268
\TY@linewidth=\dimen158
\tymin=\dimen159
\tymax=\dimen160
\TY@tablewidth=\dimen161
)
(/usr/local/texlive/2021/texmf-dist/tex/latex/tools/longtable.sty
Package: longtable 2020/01/07 v4.13 Multi-page Table package (DPC)
\LTleft=\skip75
\LTright=\skip76
\LTpre=\skip77
\LTpost=\skip78
\LTchunksize=\count269
\LTcapwidth=\dimen162
\LT@head=\box52
\LT@firsthead=\box53
\LT@foot=\box54
\LT@lastfoot=\box55
\LT@cols=\count270
\LT@rows=\count271
\c@LT@tables=\count272
\c@LT@chunks=\count273
\LT@p@ftn=\toks31
)
(/usr/local/texlive/2021/texmf-dist/tex/latex/varwidth/varwidth.sty
Package: varwidth 2009/03/30 ver 0.92;  Variable-width minipages
\@vwid@box=\box56
\sift@deathcycles=\count274
\@vwid@loff=\dimen163
\@vwid@roff=\dimen164
)
(./sphinxmulticell.sty
Package: sphinxmulticell 2017/02/23 v1.6 better span rows and columns of a tabl
e (Sphinx team)
\sphinx@TY@tablewidth=\dimen165
)
(/usr/local/texlive/2021/texmf-dist/tex/latex/base/makeidx.sty
Package: makeidx 2014/09/29 v1.0m Standard LaTeX package
)
(/usr/local/texlive/2021/texmf-dist/tex/latex/framed/framed.sty
Package: framed 2011/10/22 v 0.96: framed or shaded text with page breaks
\OuterFrameSep=\skip79
\fb@frw=\dimen166
\fb@frh=\dimen167
\FrameRule=\dimen168
\FrameSep=\dimen169
)
(/usr/local/texlive/2021/texmf-dist/tex/latex/xcolor/xcolor.sty
Package: xcolor 2016/05/11 v2.12 LaTeX color extensions (UK)

(/usr/local/texlive/2021/texmf-dist/tex/latex/graphics-cfg/color.cfg
File: color.cfg 2016/01/02 v1.6 sample color configuration
)
Package xcolor Info: Driver file: pdftex.def on input line 225.
Package xcolor Info: Model `cmy' substituted by `cmy0' on input line 1348.
Package xcolor Info: Model `hsb' substituted by `rgb' on input line 1352.
Package xcolor Info: Model `RGB' extended on input line 1364.
Package xcolor Info: Model `HTML' substituted by `rgb' on input line 1366.
Package xcolor Info: Model `Hsb' substituted by `hsb' on input line 1367.
Package xcolor Info: Model `tHsb' substituted by `hsb' on input line 1368.
Package xcolor Info: Model `HSB' substituted by `hsb' on input line 1369.
Package xcolor Info: Model `Gray' substituted by `gray' on input line 1370.
Package xcolor Info: Model `wave' substituted by `hsb' on input line 1371.
)
(/usr/local/texlive/2021/texmf-dist/tex/latex/fancyvrb/fancyvrb.sty
Package: fancyvrb 2021/01/20 v3.7 verbatim text (tvz,hv)
\FV@CodeLineNo=\count275
\FV@InFile=\read3
\FV@TabBox=\box57
\c@FancyVerbLine=\count276
\FV@StepNumber=\count277
\FV@OutFile=\write3
)
(./footnotehyper-sphinx.sty
Package: footnotehyper-sphinx 2021/02/04 v1.1d hyperref aware footnote.sty for 
sphinx (JFB)
\FNH@notes=\box58
\FNH@toks=\toks32
\FNH@width=\dimen170
)
(/usr/local/texlive/2021/texmf-dist/tex/latex/float/float.sty
Package: float 2001/11/08 v1.3d Float enhancements (AL)
\c@float@type=\count278
\float@exts=\toks33
\float@box=\box59
\@float@everytoks=\toks34
\@floatcapt=\box60
)
(/usr/local/texlive/2021/texmf-dist/tex/latex/wrapfig/wrapfig.sty
\wrapoverhang=\dimen171
\WF@size=\dimen172
\c@WF@wrappedlines=\count279
\WF@box=\box61
\WF@everypar=\toks35
Package: wrapfig 2003/01/31  v 3.6
)
(/usr/local/texlive/2021/texmf-dist/tex/latex/parskip/parskip.sty
Rollback for package 'parskip' requested -> version 'v1'.
         This corresponds to the release introduced on 2001-04-09.

(/usr/local/texlive/2021/texmf-dist/tex/latex/parskip/parskip-2001-04-09.sty
Package: parskip 2001/04/09 non-zero parskip adjustments
))
(/usr/local/texlive/2021/texmf-dist/tex/latex/base/alltt.sty
Package: alltt 1997/06/16 v2.0g defines alltt environment
)
(/usr/local/texlive/2021/texmf-dist/tex/latex/upquote/upquote.sty
Package: upquote 2012/04/19 v1.3 upright-quote and grave-accent glyphs in verba
tim
)
(/usr/local/texlive/2021/texmf-dist/tex/latex/capt-of/capt-of.sty
Package: capt-of 2009/12/29 v0.2 standard captions outside of floats
)
(/usr/local/texlive/2021/texmf-dist/tex/latex/needspace/needspace.sty
Package: needspace 2010/09/12 v1.3d reserve vertical space
)
(/usr/local/texlive/2021/texmf-dist/tex/latex/tools/multicol.sty
Package: multicol 2019/12/09 v1.8y multicolumn formatting (FMi)
\c@tracingmulticols=\count280
\mult@box=\box62
\multicol@leftmargin=\dimen173
\c@unbalance=\count281
\c@collectmore=\count282
\doublecol@number=\count283
\multicoltolerance=\count284
\multicolpretolerance=\count285
\full@width=\dimen174
\page@free=\dimen175
\premulticols=\dimen176
\postmulticols=\dimen177
\multicolsep=\skip80
\multicolbaselineskip=\skip81
\partial@page=\box63
\last@line=\box64
\maxbalancingoverflow=\dimen178
\mult@rightbox=\box65
\mult@grightbox=\box66
\mult@gfirstbox=\box67
\mult@firstbox=\box68
\@tempa=\box69
\@tempa=\box70
\@tempa=\box71
\@tempa=\box72
\@tempa=\box73
\@tempa=\box74
\@tempa=\box75
\@tempa=\box76
\@tempa=\box77
\@tempa=\box78
\@tempa=\box79
\@tempa=\box80
\@tempa=\box81
\@tempa=\box82
\@tempa=\box83
\@tempa=\box84
\@tempa=\box85
\@tempa=\box86
\@tempa=\box87
\@tempa=\box88
\@tempa=\box89
\@tempa=\box90
\@tempa=\box91
\@tempa=\box92
\@tempa=\box93
\@tempa=\box94
\@tempa=\box95
\@tempa=\box96
\@tempa=\box97
\@tempa=\box98
\@tempa=\box99
\@tempa=\box100
\@tempa=\box101
\@tempa=\box102
\@tempa=\box103
\@tempa=\box104
\@tempa=\box105
\c@minrows=\count286
\c@columnbadness=\count287
\c@finalcolumnbadness=\count288
\last@try=\dimen179
\multicolovershoot=\dimen180
\multicolundershoot=\dimen181
\mult@nat@firstbox=\box106
\colbreak@box=\box107
\mc@col@check@num=\count289
)
(./sphinxhighlight.sty
Package: sphinxhighlight 2016/05/29 stylesheet for highlighting with pygments
)
(/usr/local/texlive/2021/texmf-dist/tex/latex/kvoptions/kvoptions.sty
Package: kvoptions 2020-10-07 v3.14 Key value format for package options (HO)

(/usr/local/texlive/2021/texmf-dist/tex/generic/kvsetkeys/kvsetkeys.sty
Package: kvsetkeys 2019/12/15 v1.18 Key value parser (HO)
))
\sphinxverbatimsep=\dimen182
\sphinxverbatimborder=\dimen183
\sphinxshadowsep=\dimen184
\sphinxshadowsize=\dimen185
\sphinxshadowrule=\dimen186
\spx@notice@border=\dimen187
\spx@image@maxheight=\dimen188
\spx@image@box=\box108
\c@sphinxscope=\count290
\c@sphinxexplicit=\count291
\sphinxcontinuationbox=\box109
\sphinxvisiblespacebox=\box110
\sphinxVerbatim@TitleBox=\box111
\sphinxVerbatim@ContentsBox=\box112
\spx@scratchbox=\box113
\py@argswidth=\skip82
\lineblockindentation=\skip83
\DUlineblockindent=\skip84
)
(/usr/local/texlive/2021/texmf-dist/tex/latex/geometry/geometry.sty
Package: geometry 2020/01/02 v5.9 Page Geometry

(/usr/local/texlive/2021/texmf-dist/tex/generic/iftex/ifvtex.sty
Package: ifvtex 2019/10/25 v1.7 ifvtex legacy package. Use iftex instead.

(/usr/local/texlive/2021/texmf-dist/tex/generic/iftex/iftex.sty
Package: iftex 2020/03/06 v1.0d TeX engine tests
))
\Gm@cnth=\count292
\Gm@cntv=\count293
\c@Gm@tempcnt=\count294
\Gm@bindingoffset=\dimen189
\Gm@wd@mp=\dimen190
\Gm@odd@mp=\dimen191
\Gm@even@mp=\dimen192
\Gm@layoutwidth=\dimen193
\Gm@layoutheight=\dimen194
\Gm@layouthoffset=\dimen195
\Gm@layoutvoffset=\dimen196
\Gm@dimlist=\toks36
)
(/usr/local/texlive/2021/texmf-dist/tex/latex/hyperref/hyperref.sty
Package: hyperref 2021-02-27 v7.00k Hypertext links for LaTeX

(/usr/local/texlive/2021/texmf-dist/tex/generic/pdftexcmds/pdftexcmds.sty
Package: pdftexcmds 2020-06-27 v0.33 Utility functions of pdfTeX for LuaTeX (HO
)

(/usr/local/texlive/2021/texmf-dist/tex/generic/infwarerr/infwarerr.sty
Package: infwarerr 2019/12/03 v1.5 Providing info/warning/error messages (HO)
)
Package pdftexcmds Info: \pdf@primitive is available.
Package pdftexcmds Info: \pdf@ifprimitive is available.
Package pdftexcmds Info: \pdfdraftmode found.
)
(/usr/local/texlive/2021/texmf-dist/tex/generic/kvdefinekeys/kvdefinekeys.sty
Package: kvdefinekeys 2019-12-19 v1.6 Define keys (HO)
)
(/usr/local/texlive/2021/texmf-dist/tex/generic/pdfescape/pdfescape.sty
Package: pdfescape 2019/12/09 v1.15 Implements pdfTeX's escape features (HO)
)
(/usr/local/texlive/2021/texmf-dist/tex/latex/hycolor/hycolor.sty
Package: hycolor 2020-01-27 v1.10 Color options for hyperref/bookmark (HO)
)
(/usr/local/texlive/2021/texmf-dist/tex/latex/letltxmacro/letltxmacro.sty
Package: letltxmacro 2019/12/03 v1.6 Let assignment for LaTeX macros (HO)
)
(/usr/local/texlive/2021/texmf-dist/tex/latex/auxhook/auxhook.sty
Package: auxhook 2019-12-17 v1.6 Hooks for auxiliary files (HO)
)
\@linkdim=\dimen197
\Hy@linkcounter=\count295
\Hy@pagecounter=\count296

(/usr/local/texlive/2021/texmf-dist/tex/latex/hyperref/pd1enc.def
File: pd1enc.def 2021-02-27 v7.00k Hyperref: PDFDocEncoding definition (HO)
Now handling font encoding PD1 ...
... no UTF-8 mapping file for font encoding PD1
)
(/usr/local/texlive/2021/texmf-dist/tex/latex/hyperref/hyperref-langpatches.def
File: hyperref-langpatches.def 2021-02-27 v7.00k Hyperref: patches for babel la
nguages
) (/usr/local/texlive/2021/texmf-dist/tex/generic/intcalc/intcalc.sty
Package: intcalc 2019/12/15 v1.3 Expandable calculations with integers (HO)
)
(/usr/local/texlive/2021/texmf-dist/tex/generic/etexcmds/etexcmds.sty
Package: etexcmds 2019/12/15 v1.7 Avoid name clashes with e-TeX commands (HO)
)
\Hy@SavedSpaceFactor=\count297

(/usr/local/texlive/2021/texmf-dist/tex/latex/hyperref/puenc.def
File: puenc.def 2021-02-27 v7.00k Hyperref: PDF Unicode definition (HO)
Now handling font encoding PU ...
... no UTF-8 mapping file for font encoding PU
)
Package hyperref Info: Option `unicode' set `true' on input line 4073.
Package hyperref Info: Option `colorlinks' set `true' on input line 4073.
Package hyperref Info: Option `breaklinks' set `true' on input line 4073.
Package hyperref Info: Hyper figures OFF on input line 4192.
Package hyperref Info: Link nesting OFF on input line 4197.
Package hyperref Info: Hyper index ON on input line 4200.
Package hyperref Info: Plain pages OFF on input line 4207.
Package hyperref Info: Backreferencing OFF on input line 4212.
Package hyperref Info: Implicit mode ON; LaTeX internals redefined.
Package hyperref Info: Bookmarks ON on input line 4445.
\c@Hy@tempcnt=\count298

(/usr/local/texlive/2021/texmf-dist/tex/latex/url/url.sty
\Urlmuskip=\muskip17
Package: url 2013/09/16  ver 3.4  Verb mode for urls, etc.
)
LaTeX Info: Redefining \url on input line 4804.
\XeTeXLinkMargin=\dimen198

(/usr/local/texlive/2021/texmf-dist/tex/generic/bitset/bitset.sty
Package: bitset 2019/12/09 v1.3 Handle bit-vector datatype (HO)

(/usr/local/texlive/2021/texmf-dist/tex/generic/bigintcalc/bigintcalc.sty
Package: bigintcalc 2019/12/15 v1.5 Expandable calculations on big integers (HO
)
))
\Fld@menulength=\count299
\Field@Width=\dimen199
\Fld@charsize=\dimen256
Package hyperref Info: Hyper figures OFF on input line 6075.
Package hyperref Info: Link nesting OFF on input line 6080.
Package hyperref Info: Hyper index ON on input line 6083.
Package hyperref Info: backreferencing OFF on input line 6090.
Package hyperref Info: Link coloring ON on input line 6093.
Package hyperref Info: Link coloring with OCG OFF on input line 6100.
Package hyperref Info: PDF/A mode OFF on input line 6105.
LaTeX Info: Redefining \ref on input line 6145.
LaTeX Info: Redefining \pageref on input line 6149.

(/usr/local/texlive/2021/texmf-dist/tex/latex/base/atbegshi-ltx.sty
Package: atbegshi-ltx 2020/08/17 v1.0a Emulation of the original atbegshi packa
ge
with kernel methods
)
\Hy@abspage=\count300
\c@Item=\count301
\c@Hfootnote=\count302
)
Package hyperref Info: Driver (autodetected): hpdftex.

(/usr/local/texlive/2021/texmf-dist/tex/latex/hyperref/hpdftex.def
File: hpdftex.def 2021-02-27 v7.00k Hyperref driver for pdfTeX

(/usr/local/texlive/2021/texmf-dist/tex/latex/base/atveryend-ltx.sty
Package: atveryend-ltx 2020/08/19 v1.0a Emulation of the original atvery packag
e
with kernel methods
)
\Fld@listcount=\count303
\c@bookmark@seq@number=\count304

(/usr/local/texlive/2021/texmf-dist/tex/latex/rerunfilecheck/rerunfilecheck.sty
Package: rerunfilecheck 2019/12/05 v1.9 Rerun checks for auxiliary files (HO)

(/usr/local/texlive/2021/texmf-dist/tex/generic/uniquecounter/uniquecounter.sty
Package: uniquecounter 2019/12/15 v1.4 Provide unlimited unique counter (HO)
)
Package uniquecounter Info: New unique counter `rerunfilecheck' on input line 2
86.
)
\Hy@SectionHShift=\skip85
) (/usr/local/texlive/2021/texmf-dist/tex/latex/oberdiek/hypcap.sty
Package: hypcap 2016/05/16 v1.12 Adjusting the anchors of captions (HO)
)
(./sphinxmessages.sty
Package: sphinxmessages 2019/01/04 v2.0 Localized LaTeX macros (Sphinx team)
)
\nbsphinxpromptbox=\box114
\nbsphinxcodecellspacing=\skip86
\nbsphinxbox=\box115
\nbsphinx@image@maxheight=\dimen257
\@indexfile=\write4
\openout4 = `adm1f.idx'.


Writing index file adm1f.idx
(/usr/local/texlive/2021/texmf-dist/tex/latex/l3backend/l3backend-pdftex.def
File: l3backend-pdftex.def 2021-03-18 L3 backend support: PDF output (pdfTeX)
\l__color_backend_stack_int=\count305
\l__pdf_internal_box=\box116
)
(./adm1f.aux)
\openout1 = `adm1f.aux'.

LaTeX Font Info:    Checking defaults for OML/cmm/m/it on input line 201.
LaTeX Font Info:    ... okay on input line 201.
LaTeX Font Info:    Checking defaults for OMS/cmsy/m/n on input line 201.
LaTeX Font Info:    ... okay on input line 201.
LaTeX Font Info:    Checking defaults for OT1/cmr/m/n on input line 201.
LaTeX Font Info:    ... okay on input line 201.
LaTeX Font Info:    Checking defaults for T1/cmr/m/n on input line 201.
LaTeX Font Info:    ... okay on input line 201.
LaTeX Font Info:    Checking defaults for TS1/cmr/m/n on input line 201.
LaTeX Font Info:    ... okay on input line 201.
LaTeX Font Info:    Checking defaults for OMX/cmex/m/n on input line 201.
LaTeX Font Info:    ... okay on input line 201.
LaTeX Font Info:    Checking defaults for U/cmr/m/n on input line 201.
LaTeX Font Info:    ... okay on input line 201.
LaTeX Font Info:    Checking defaults for PD1/pdf/m/n on input line 201.
LaTeX Font Info:    ... okay on input line 201.
LaTeX Font Info:    Checking defaults for PU/pdf/m/n on input line 201.
LaTeX Font Info:    ... okay on input line 201.

(/usr/local/texlive/2021/texmf-dist/tex/context/base/mkii/supp-pdf.mkii
[Loading MPS to PDF converter (version 2006.09.02).]
\scratchcounter=\count306
\scratchdimen=\dimen258
\scratchbox=\box117
\nofMPsegments=\count307
\nofMParguments=\count308
\everyMPshowfont=\toks37
\MPscratchCnt=\count309
\MPscratchDim=\dimen259
\MPnumerator=\count310
\makeMPintoPDFobject=\count311
\everyMPtoPDFconversion=\toks38
) (/usr/local/texlive/2021/texmf-dist/tex/latex/epstopdf-pkg/epstopdf-base.sty
Package: epstopdf-base 2020-01-24 v2.11 Base part for package epstopdf
Package epstopdf-base Info: Redefining graphics rule for `.eps' on input line 4
85.

(/usr/local/texlive/2021/texmf-dist/tex/latex/latexconfig/epstopdf-sys.cfg
File: epstopdf-sys.cfg 2010/07/13 v1.3 Configuration of (r)epstopdf for TeX Liv
e
))
\c@literalblock=\count312

*geometry* driver: auto-detecting
*geometry* detected driver: pdftex
*geometry* verbose mode - [ preamble ] result:
* driver: pdftex
* paper: a4paper
* layout: <same size as paper>
* layoutoffset:(h,v)=(0.0pt,0.0pt)
* modes: twoside 
* h-part:(L,W,R)=(72.26999pt, 452.9679pt, 72.26999pt)
* v-part:(T,H,B)=(72.26999pt, 700.50687pt, 72.26999pt)
* \paperwidth=597.50787pt
* \paperheight=845.04684pt
* \textwidth=452.9679pt
* \textheight=700.50687pt
* \oddsidemargin=0.0pt
* \evensidemargin=0.0pt
* \topmargin=-37.0pt
* \headheight=12.0pt
* \headsep=25.0pt
* \topskip=10.0pt
* \footskip=30.0pt
* \marginparwidth=36.135pt
* \marginparsep=11.0pt
* \columnsep=10.0pt
* \skip\footins=9.0pt plus 4.0pt minus 2.0pt
* \hoffset=0.0pt
* \voffset=0.0pt
* \mag=1000
* \@twocolumnfalse
* \@twosidetrue
* \@mparswitchtrue
* \@reversemarginfalse
* (1in=72.27pt=25.4mm, 1cm=28.453pt)

Package hyperref Info: Link coloring ON on input line 201.
(/usr/local/texlive/2021/texmf-dist/tex/latex/hyperref/nameref.sty
Package: nameref 2021-04-02 v2.47 Cross-referencing by name of section

(/usr/local/texlive/2021/texmf-dist/tex/latex/refcount/refcount.sty
Package: refcount 2019/12/15 v3.6 Data extraction from label references (HO)
)
(/usr/local/texlive/2021/texmf-dist/tex/generic/gettitlestring/gettitlestring.s
ty
Package: gettitlestring 2019/12/15 v1.6 Cleanup title references (HO)
)
\c@section@level=\count313
)
LaTeX Info: Redefining \ref on input line 201.
LaTeX Info: Redefining \pageref on input line 201.
LaTeX Info: Redefining \nameref on input line 201.
 (./adm1f.out) (./adm1f.out)
\@outlinefile=\write5
\openout5 = `adm1f.out'.

Package hyperref Info: Option `pageanchor' set `false' on input line 204.
LaTeX Font Info:    Trying to load font information for T1+cmss on input line 2
04.

(/usr/local/texlive/2021/texmf-dist/tex/latex/base/t1cmss.fd
File: t1cmss.fd 2019/12/16 v2.5j Standard LaTeX font definitions
)<<ot1.cmap>><<oml.cmap>><<oms.cmap>><<omx.cmap>>
LaTeX Font Info:    Trying to load font information for U+msa on input line 204
.

(/usr/local/texlive/2021/texmf-dist/tex/latex/amsfonts/umsa.fd
File: umsa.fd 2013/01/14 v3.01 AMS symbols A
)
LaTeX Font Info:    Trying to load font information for U+msb on input line 204
.

(/usr/local/texlive/2021/texmf-dist/tex/latex/amsfonts/umsb.fd
File: umsb.fd 2013/01/14 v3.01 AMS symbols B
) [1

{/usr/local/texlive/2021/texmf-var/fonts/map/pdftex/updmap/pdftex.map}] [2


] (./adm1f.toc)
\tf@toc=\write6
\openout6 = `adm1f.toc'.


[1

] [2

]
<digester_m.png, id=91, 585.8688pt x 330.033pt>
LaTeX Font Info:    Trying to load font information for T1+cmtt on input line 2
22.
 (/usr/local/texlive/2021/texmf-dist/tex/latex/base/t1cmtt.fd
File: t1cmtt.fd 2019/12/16 v2.5j Standard LaTeX font definitions
)
File: digester_m.png Graphic file (type png)
<use digester_m.png>
Package pdftex.def Info: digester_m.png  used on input line 222.
(pdftex.def)             Requested size: 452.97981pt x 255.16357pt.
 [1 <./digester_m.png>] [2

]
Chapter 1.
[3] [4]
Chapter 2.
[5

] [6

]
Chapter 3.
[7] [8

]
Chapter 4.
[9]
Overfull \hbox (2.23386pt too wide) in paragraph at lines 1269--1271
[]|\T1/cmr/m/n/10 X_c_biom_in| 
 []


Overfull \hbox (7.51035pt too wide) in paragraph at lines 1282--1284
[]|\T1/cmr/m/n/10 X_ch_biom_in| 
 []


Overfull \hbox (7.2604pt too wide) in paragraph at lines 1295--1297
[]|\T1/cmr/m/n/10 X_pr_biom_in| 
 []


Overfull \hbox (3.3447pt too wide) in paragraph at lines 1308--1310
[]|\T1/cmr/m/n/10 X_li_biom_in| 
 []

[10]
Underfull \hbox (badness 10000) in paragraph at lines 1882--1884
[]|\T1/cmr/m/n/10 kg-COD_X/kg
 []


Underfull \hbox (badness 10000) in paragraph at lines 1973--1975
[]|\T1/cmr/m/n/10 kg-COD_X/kg
 []


Underfull \hbox (badness 10000) in paragraph at lines 1986--1988
[]|\T1/cmr/m/n/10 kg-COD_X/kg
 []


Underfull \hbox (badness 10000) in paragraph at lines 1999--2001
[]|\T1/cmr/m/n/10 kg-COD_X/kg
 []


Underfull \hbox (badness 10000) in paragraph at lines 2012--2014
[]|\T1/cmr/m/n/10 kg-COD_X/kg
 []


Underfull \hbox (badness 10000) in paragraph at lines 2038--2040
[]|\T1/cmr/m/n/10 kg-COD_X/kg
 []


Underfull \hbox (badness 10000) in paragraph at lines 2051--2053
[]|\T1/cmr/m/n/10 kg-COD_X/kg
 []


Underfull \hbox (badness 10000) in paragraph at lines 2129--2131
[]|\T1/cmr/m/n/10 kg-
 []


Underfull \hbox (badness 6348) in paragraph at lines 2132--2135
[]|\T1/cmr/m/n/10 Monod max-i-mum spe-cific up-take rate for
 []


Overfull \hbox (14.86966pt too wide) in paragraph at lines 2152--2154
[]|\T1/cmr/m/n/10 pH_UL_acidacet| 
 []


Overfull \hbox (13.61996pt too wide) in paragraph at lines 2165--2167
[]|\T1/cmr/m/n/10 pH_LL_acidacet| 
 []


Underfull \hbox (badness 10000) in paragraph at lines 2181--2183
[]|\T1/cmr/m/n/10 kg-
 []


Underfull \hbox (badness 10000) in paragraph at lines 2207--2209
[]|\T1/cmr/m/n/10 kg-
 []


Underfull \hbox (badness 10000) in paragraph at lines 2246--2248
[]|\T1/cmr/m/n/10 kg-
 []


Underfull \hbox (badness 10000) in paragraph at lines 2285--2287
[]|\T1/cmr/m/n/10 kg-
 []

[11]
Underfull \hbox (badness 10000) in paragraph at lines 2324--2326
[]|\T1/cmr/m/n/10 kg-
 []


Underfull \hbox (badness 10000) in paragraph at lines 2389--2391
[]|\T1/cmr/m/n/10 kg-
 []


Overfull \hbox (7.28818pt too wide) in paragraph at lines 2581--2583
[]|\T1/cmr/m/n/10 pK_a_va_base| 
 []


Overfull \hbox (8.67673pt too wide) in paragraph at lines 2594--2596
[]|\T1/cmr/m/n/10 pK_a_bu_base| 
 []


Overfull \hbox (12.03702pt too wide) in paragraph at lines 2607--2609
[]|\T1/cmr/m/n/10 pK_a_pro_base| 
 []


Overfull \hbox (7.01047pt too wide) in paragraph at lines 2620--2622
[]|\T1/cmr/m/n/10 pK_a_ac_base| 
 []


Overfull \hbox (12.00925pt too wide) in paragraph at lines 2633--2635
[]|\T1/cmr/m/n/10 pK_a_co2_base| 
 []


Overfull \hbox (8.67673pt too wide) in paragraph at lines 2646--2648
[]|\T1/cmr/m/n/10 pK_a_IN_base| 
 []


Overfull \hbox (17.56345pt too wide) in paragraph at lines 2659--2661
[]|\T1/cmr/m/n/10 pK_a_hco3_base| 
 []


Overfull \hbox (10.06528pt too wide) in paragraph at lines 2763--2765
[]|\T1/cmr/m/n/10 K_H_h2o_base| 
 []


Overfull \hbox (8.95444pt too wide) in paragraph at lines 2776--2778
[]|\T1/cmr/m/n/10 K_H_co2_base| 
 []


Overfull \hbox (9.23215pt too wide) in paragraph at lines 2789--2791
[]|\T1/cmr/m/n/10 K_H_ch4_base| 
 []


Overfull \hbox (5.0665pt too wide) in paragraph at lines 2802--2804
[]|\T1/cmr/m/n/10 K_H_h2_base| 
 []

[12] [13]
Underfull \hbox (badness 7740) in paragraph at lines 3608--3610
[]|\T1/cmr/m/n/10 kg ac-etate/ kg ac-
 []

[14] [15] [16

]
Chapter 5.
LaTeX Font Info:    Font shape `T1/cmtt/bx/n' in size <9> not available
(Font)              Font shape `T1/cmtt/m/n' tried instead on input line 3769.
LaTeX Font Info:    Trying to load font information for TS1+cmtt on input line 
3785.
(/usr/local/texlive/2021/texmf-dist/tex/latex/base/ts1cmtt.fd
File: ts1cmtt.fd 2019/12/16 v2.5j Standard LaTeX font definitions
) [17]
<jupyter_notebook_Steady_State_Run_14_0.png, id=218, 412.54124pt x 284.06125pt>

File: jupyter_notebook_Steady_State_Run_14_0.png Graphic file (type png)
<use jupyter_notebook_Steady_State_Run_14_0.png>
Package pdftex.def Info: jupyter_notebook_Steady_State_Run_14_0.png  used on in
put line 3950.
(pdftex.def)             Requested size: 309.40517pt x 213.05406pt.

Underfull \vbox (badness 10000) detected at line 3952
 []

[18] [19 <./jupyter_notebook_Steady_State_Run_14_0.png>]
<jupyter_notebook_execution_time_9_1.png, id=231, 407.5225pt x 271.0125pt>
File: jupyter_notebook_execution_time_9_1.png Graphic file (type png)
<use jupyter_notebook_execution_time_9_1.png>
Package pdftex.def Info: jupyter_notebook_execution_time_9_1.png  used on input
 line 4135.
(pdftex.def)             Requested size: 305.65355pt x 203.263pt.
 [20 <./jupyter_notebook_execution_time_9_1.png>]
<jupyter_notebook_execution_time_14_1.png, id=237, 398.48875pt x 271.0125pt>
File: jupyter_notebook_execution_time_14_1.png Graphic file (type png)
<use jupyter_notebook_execution_time_14_1.png>
Package pdftex.def Info: jupyter_notebook_execution_time_14_1.png  used on inpu
t line 4235.
(pdftex.def)             Requested size: 298.87799pt x 203.263pt.
 [21 <./jupyter_notebook_execution_time_14_1.png>]
[22]
Overfull \vbox (2.48917pt too high) detected at line 4465
 []

[23]
<jupyter_notebook_ADM1F_SRT_2phase_11_0.png, id=260, 1208.515pt x 159.59625pt>
File: jupyter_notebook_ADM1F_SRT_2phase_11_0.png Graphic file (type png)
<use jupyter_notebook_ADM1F_SRT_2phase_11_0.png>
Package pdftex.def Info: jupyter_notebook_ADM1F_SRT_2phase_11_0.png  used on in
put line 4487.
(pdftex.def)             Requested size: 452.97073pt x 59.81921pt.
 [24 <./jupyter_notebook_ADM1F_SRT_2phase_11_0.png>]

LaTeX Font Warning: Font shape `TS1/cmtt/bx/n' undefined
(Font)              using `TS1/cmtt/m/n' instead
(Font)              for symbol `textquotesingle' on input line 4578.

[25]
<jupyter_notebook_ADM1F_SRT_2phase_21_1.png, id=272, 595.5048pt x 305.4612pt>
File: jupyter_notebook_ADM1F_SRT_2phase_21_1.png Graphic file (type png)
<use jupyter_notebook_ADM1F_SRT_2phase_21_1.png>
Package pdftex.def Info: jupyter_notebook_ADM1F_SRT_2phase_21_1.png  used on in
put line 4770.
(pdftex.def)             Requested size: 452.97pt x 232.34868pt.

Underfull \vbox (badness 10000) detected at line 4772
 []

[26] [27 <./jupyter_notebook_ADM1F_SRT_2phase_21_1.png>] [28] [29] [30]
<jupyter_notebook_io_sensitivity_analysis_13_1.png, id=300, 1159.33125pt x 393.
47pt>
File: jupyter_notebook_io_sensitivity_analysis_13_1.png Graphic file (type png)

<use jupyter_notebook_io_sensitivity_analysis_13_1.png>
Package pdftex.def Info: jupyter_notebook_io_sensitivity_analysis_13_1.png  use
d on input line 5235.
(pdftex.def)             Requested size: 452.9688pt x 153.73485pt.
<jupyter_notebook_io_sensitivity_analysis_16_1.png, id=301, 626.34pt x 280.0462
5pt>
File: jupyter_notebook_io_sensitivity_analysis_16_1.png Graphic file (type png)

<use jupyter_notebook_io_sensitivity_analysis_16_1.png>
Package pdftex.def Info: jupyter_notebook_io_sensitivity_analysis_16_1.png  use
d on input line 5283.
(pdftex.def)             Requested size: 452.981pt x 202.53476pt.
<jupyter_notebook_io_sensitivity_analysis_17_0.png, id=302, 403.5075pt x 272.01
625pt>
File: jupyter_notebook_io_sensitivity_analysis_17_0.png Graphic file (type png)

<use jupyter_notebook_io_sensitivity_analysis_17_0.png>
Package pdftex.def Info: jupyter_notebook_io_sensitivity_analysis_17_0.png  use
d on input line 5304.
(pdftex.def)             Requested size: 302.62988pt x 204.01997pt.

Underfull \vbox (badness 10000) detected at line 5306
 []

[31 <./jupyter_notebook_io_sensitivity_analysis_13_1.png> <./jupyter_notebook_i
o_sensitivity_analysis_16_1.png>]
<jupyter_notebook_io_sensitivity_analysis_18_0.png, id=310, 618.31pt x 604.2575
pt>
File: jupyter_notebook_io_sensitivity_analysis_18_0.png Graphic file (type png)

<use jupyter_notebook_io_sensitivity_analysis_18_0.png>
Package pdftex.def Info: jupyter_notebook_io_sensitivity_analysis_18_0.png  use
d on input line 5324.
(pdftex.def)             Requested size: 452.9853pt x 442.69019pt.

Underfull \vbox (badness 10000) detected at line 5326
 []

[32 <./jupyter_notebook_io_sensitivity_analysis_17_0.png>] [33 <./jupyter_noteb
ook_io_sensitivity_analysis_18_0.png>] [34]
<jupyter_notebook_io_sensitivity_analysis_27_1.png, id=327, 1384.17125pt x 939.
51pt>
File: jupyter_notebook_io_sensitivity_analysis_27_1.png Graphic file (type png)

<use jupyter_notebook_io_sensitivity_analysis_27_1.png>
Package pdftex.def Info: jupyter_notebook_io_sensitivity_analysis_27_1.png  use
d on input line 5531.
(pdftex.def)             Requested size: 452.95508pt x 307.44449pt.
 [35 <./jupyter_notebook_io_sensitivity_analysis_27_1.png>] [36] [37] [38] [39]


LaTeX Warning: File `{jupyter_notebook_parameter-calibration_24_0}.svg' not fou
nd on input line 6105.


! LaTeX Error: Unknown graphics extension: .svg.

See the LaTeX manual or LaTeX Companion for explanation.
Type  H <return>  for immediate help.
 ...                                              
                                                  
l.6105 ...otebook_parameter-calibration_24_0}.svg}
                                                  
? 

LaTeX Warning: File `{jupyter_notebook_parameter-calibration_24_0}.svg' not fou
nd on input line 6105.


! LaTeX Error: Unknown graphics extension: .svg.

See the LaTeX manual or LaTeX Companion for explanation.
Type  H <return>  for immediate help.
 ...                                              
                                                  
l.6105 ...otebook_parameter-calibration_24_0}.svg}
                                                  
? 
[40]
<pdftonormal.png, id=372, 505.89pt x 180.675pt>
File: pdftonormal.png Graphic file (type png)
<use pdftonormal.png>
Package pdftex.def Info: pdftonormal.png  used on input line 6162.
(pdftex.def)             Requested size: 452.97328pt x 161.78719pt.
<phcontrol.png, id=374, 561.09625pt x 417.56pt>
File: phcontrol.png Graphic file (type png)
<use phcontrol.png>
Package pdftex.def Info: phcontrol.png  used on input line 6184.
(pdftex.def)             Requested size: 420.81259pt x 313.18832pt.
 [41 <./pdftonormal.png>]
<flow1.png, id=382, 723.6636pt x 542.025pt>
File: flow1.png Graphic file (type png)
<use flow1.png>
Package pdftex.def Info: flow1.png  used on input line 6189.
(pdftex.def)             Requested size: 452.96222pt x 339.28583pt.
 [42 <./phcontrol.png> <./flow1.png>] [43]
<jupyter_notebook_ph-control_8_0.png, id=396, 735.74875pt x 349.305pt>
File: jupyter_notebook_ph-control_8_0.png Graphic file (type png)
<use jupyter_notebook_ph-control_8_0.png>
Package pdftex.def Info: jupyter_notebook_ph-control_8_0.png  used on input lin
e 6355.
(pdftex.def)             Requested size: 452.98238pt x 215.05847pt.
<jupyter_notebook_ph-control_11_0.png, id=397, 735.74875pt x 349.305pt>
File: jupyter_notebook_ph-control_11_0.png Graphic file (type png)
<use jupyter_notebook_ph-control_11_0.png>
Package pdftex.def Info: jupyter_notebook_ph-control_11_0.png  used on input li
ne 6396.
(pdftex.def)             Requested size: 452.98238pt x 215.05847pt.

Underfull \vbox (badness 10000) detected at line 6398
 []

[44 <./jupyter_notebook_ph-control_8_0.png>]
<jupyter_notebook_ph-control_14_0.png, id=403, 735.74875pt x 349.305pt>
File: jupyter_notebook_ph-control_14_0.png Graphic file (type png)
<use jupyter_notebook_ph-control_14_0.png>
Package pdftex.def Info: jupyter_notebook_ph-control_14_0.png  used on input li
ne 6437.
(pdftex.def)             Requested size: 452.98238pt x 215.05847pt.
 [45 <./jupyter_notebook_ph-control_11_0.png> <./jupyter_notebook_ph-control_14
_0.png>]
Overfull \vbox (3.2886pt too high) detected at line 6573
 []

[46] [47] [48]
Chapter 6.
(./adm1f.ind) [49

] (./adm1f.aux)

LaTeX Font Warning: Some font shapes were not available, defaults substituted.

Package rerunfilecheck Info: File `adm1f.out' has not changed.
(rerunfilecheck)             Checksum: 971AFBAD76861D32270186D06C58AD43;1534.
 ) 
Here is how much of TeX's memory you used:
 13723 strings out of 478994
 203071 string characters out of 5858185
 737914 words of memory out of 5000000
 30696 multiletter control sequences out of 15000+600000
 432640 words of font info for 91 fonts, out of 8000000 for 9000
 1142 hyphenation exceptions out of 8191
 83i,19n,88p,1521b,572s stack positions out of 5000i,500n,10000p,200000b,80000s
{/usr/local/texlive/2021/texmf-dist/fonts/enc/dvips/cm-super/cm-super-ts1.enc
}{/usr/local/texlive/2021/texmf-dist/fonts/enc/dvips/cm-super/cm-super-t1.enc}<
/usr/local/texlive/2021/texmf-dist/fonts/type1/public/amsfonts/cm/cmex10.pfb></
usr/local/texlive/2021/texmf-dist/fonts/type1/public/amsfonts/cm/cmmi10.pfb></u
sr/local/texlive/2021/texmf-dist/fonts/type1/public/amsfonts/cm/cmmi5.pfb></usr
/local/texlive/2021/texmf-dist/fonts/type1/public/amsfonts/cm/cmmi7.pfb></usr/l
ocal/texlive/2021/texmf-dist/fonts/type1/public/amsfonts/cm/cmr10.pfb></usr/loc
al/texlive/2021/texmf-dist/fonts/type1/public/amsfonts/cm/cmr7.pfb></usr/local/
texlive/2021/texmf-dist/fonts/type1/public/amsfonts/cm/cmsy10.pfb></usr/local/t
exlive/2021/texmf-dist/fonts/type1/public/amsfonts/cm/cmsy5.pfb></usr/local/tex
live/2021/texmf-dist/fonts/type1/public/amsfonts/cm/cmsy7.pfb></usr/local/texli
ve/2021/texmf-dist/fonts/type1/public/cm-super/sfbx1000.pfb></usr/local/texlive
/2021/texmf-dist/fonts/type1/public/cm-super/sfbx2074.pfb></usr/local/texlive/2
021/texmf-dist/fonts/type1/public/cm-super/sfbx2488.pfb></usr/local/texlive/202
1/texmf-dist/fonts/type1/public/cm-super/sfit0900.pfb></usr/local/texlive/2021/
texmf-dist/fonts/type1/public/cm-super/sfrm0600.pfb></usr/local/texlive/2021/te
xmf-dist/fonts/type1/public/cm-super/sfrm0700.pfb></usr/local/texlive/2021/texm
f-dist/fonts/type1/public/cm-super/sfrm0800.pfb></usr/local/texlive/2021/texmf-
dist/fonts/type1/public/cm-super/sfrm1000.pfb></usr/local/texlive/2021/texmf-di
st/fonts/type1/public/cm-super/sfso1728.pfb></usr/local/texlive/2021/texmf-dist
/fonts/type1/public/cm-super/sfss1000.pfb></usr/local/texlive/2021/texmf-dist/f
onts/type1/public/cm-super/sfsx1000.pfb></usr/local/texlive/2021/texmf-dist/fon
ts/type1/public/cm-super/sfsx1200.pfb></usr/local/texlive/2021/texmf-dist/fonts
/type1/public/cm-super/sfsx1440.pfb></usr/local/texlive/2021/texmf-dist/fonts/t
ype1/public/cm-super/sfsx1728.pfb></usr/local/texlive/2021/texmf-dist/fonts/typ
e1/public/cm-super/sfsx2488.pfb></usr/local/texlive/2021/texmf-dist/fonts/type1
/public/cm-super/sfti0800.pfb></usr/local/texlive/2021/texmf-dist/fonts/type1/p
ublic/cm-super/sfti1000.pfb></usr/local/texlive/2021/texmf-dist/fonts/type1/pub
lic/cm-super/sftt0900.pfb></usr/local/texlive/2021/texmf-dist/fonts/type1/publi
c/cm-super/sftt1000.pfb>
Output written on adm1f.pdf (53 pages, 1439535 bytes).
PDF statistics:
 553 PDF objects out of 1000 (max. 8388607)
 426 compressed objects within 5 object streams
 118 named destinations out of 1000 (max. 500000)
 194 words of extra memory for PDF output out of 10000 (max. 10000000)

